<?xml version="1.0" encoding="UTF-8"?>
<testng-results ignored="0" total="1" passed="1" failed="0" skipped="0">
  <reporter-output>
  </reporter-output>
  <suite started-at="2022-08-09T14:52:18 IST" name="Default suite" finished-at="2022-08-09T14:52:56 IST" duration-ms="37970">
    <groups>
    </groups>
    <test started-at="2022-08-09T14:52:18 IST" name="Default test" finished-at="2022-08-09T14:52:56 IST" duration-ms="37970">
      <class name="p04_delegate.TC12_EndDelegation">
        <test-method is-config="true" signature="createDelegation()[pri:0, instance:p04_delegate.TC12_EndDelegation@6c80d78a]" started-at="2022-08-09T14:52:18 IST" name="createDelegation" finished-at="2022-08-09T14:52:46 IST" duration-ms="27369" status="PASS">
          <reporter-output>
          </reporter-output>
        </test-method> <!-- createDelegation -->
        <test-method signature="EndDelegation()[pri:0, instance:p04_delegate.TC12_EndDelegation@6c80d78a]" started-at="2022-08-09T14:52:46 IST" name="EndDelegation" finished-at="2022-08-09T14:52:56 IST" duration-ms="10556" status="PASS">
          <reporter-output>
          </reporter-output>
        </test-method> <!-- EndDelegation -->
      </class> <!-- p04_delegate.TC12_EndDelegation -->
    </test> <!-- Default test -->
  </suite> <!-- Default suite -->
</testng-results>
